c:\users\student\desktop\continuumengine\continuumengine\continuumengine3d\release\continuumengine3d.pdb
c:\users\student\desktop\continuumengine\continuumengine\continuumengine3d\release\rendermachine.obj
c:\users\student\desktop\continuumengine\continuumengine\continuumengine3d\release\parallaxbackground.obj
c:\users\student\desktop\continuumengine\continuumengine\continuumengine3d\release\planetspawner.obj
c:\users\student\desktop\continuumengine\continuumengine\continuumengine3d\release\model.obj
c:\users\student\desktop\continuumengine\continuumengine\continuumengine3d\release\mesh.obj
c:\users\student\desktop\continuumengine\continuumengine\continuumengine3d\release\loadobjmodel.obj
c:\users\student\desktop\continuumengine\continuumengine\continuumengine3d\release\gameobject.obj
c:\users\student\desktop\continuumengine\continuumengine\continuumengine3d\release\timer.obj
c:\users\student\desktop\continuumengine\continuumengine\continuumengine3d\release\myfile.obj
c:\users\student\desktop\continuumengine\continuumengine\continuumengine3d\release\debug.obj
c:\users\student\desktop\continuumengine\continuumengine\continuumengine3d\release\lightsource.obj
c:\users\student\desktop\continuumengine\continuumengine\continuumengine3d\release\audiohandler.obj
c:\users\student\desktop\continuumengine\continuumengine\continuumengine3d\release\audio.obj
c:\users\student\desktop\continuumengine\continuumengine\continuumengine3d\release\window.obj
c:\users\student\desktop\continuumengine\continuumengine\continuumengine3d\release\mouseeventlistener.obj
c:\users\student\desktop\continuumengine\continuumengine\continuumengine3d\release\keyboardeventlistener.obj
c:\users\student\desktop\continuumengine\continuumengine\continuumengine3d\release\gamecontrollerlistener.obj
c:\users\student\desktop\continuumengine\continuumengine\continuumengine3d\release\eventlistener.obj
c:\users\student\desktop\continuumengine\continuumengine\continuumengine3d\release\continuumengine.obj
c:\users\student\desktop\continuumengine\continuumengine\continuumengine3d\release\camera.obj
c:\users\student\desktop\continuumengine\continuumengine\continuumengine3d\release\texturehandler.obj
c:\users\student\desktop\continuumengine\continuumengine\continuumengine3d\release\skybox.obj
c:\users\student\desktop\continuumengine\continuumengine\continuumengine3d\release\shaderhandler.obj
c:\users\student\desktop\continuumengine\continuumengine\continuumengine3d\release\scenecube.obj
c:\users\student\desktop\continuumengine\continuumengine\release\continuumengine3d.lib
c:\users\student\desktop\continuumengine\continuumengine\continuumengine3d\release\continuu.bcbc0b1d.tlog\cl.command.1.tlog
c:\users\student\desktop\continuumengine\continuumengine\continuumengine3d\release\continuu.bcbc0b1d.tlog\cl.read.1.tlog
c:\users\student\desktop\continuumengine\continuumengine\continuumengine3d\release\continuu.bcbc0b1d.tlog\cl.write.1.tlog
c:\users\student\desktop\continuumengine\continuumengine\continuumengine3d\release\continuu.bcbc0b1d.tlog\lib-link.read.1.tlog
c:\users\student\desktop\continuumengine\continuumengine\continuumengine3d\release\continuu.bcbc0b1d.tlog\lib-link.write.1.tlog
c:\users\student\desktop\continuumengine\continuumengine\continuumengine3d\release\continuu.bcbc0b1d.tlog\lib.command.1.tlog
